info it worked if it ends with ok
verbose cli [ 'node', '/usr/local/bin/npm', 'install', 'backbone-relational' ]
info using npm@1.1.0-beta-10
info using node@v0.6.7
verbose config file /Users/maxfranz/.npmrc
verbose config file /usr/local/etc/npmrc
verbose config file /usr/local/lib/node_modules/npm/npmrc
verbose caching /Users/maxfranz/Documents/workspace/factoid/package.json
verbose loadDefaults factoid@0.0.1
verbose caching /Users/maxfranz/Documents/workspace/factoid/node_modules/backbone/package.json
verbose loadDefaults backbone@0.9.2
verbose caching /Users/maxfranz/Documents/workspace/factoid/node_modules/chai/package.json
verbose loadDefaults chai@1.0.1
verbose caching /Users/maxfranz/Documents/workspace/factoid/node_modules/express/package.json
verbose loadDefaults express@2.5.8
verbose caching /Users/maxfranz/Documents/workspace/factoid/node_modules/jade/package.json
verbose loadDefaults jade@0.22.1
verbose caching /Users/maxfranz/Documents/workspace/factoid/node_modules/less/package.json
verbose loadDefaults less@1.3.0
verbose caching /Users/maxfranz/Documents/workspace/factoid/node_modules/piler/package.json
verbose loadDefaults piler@0.3.4
verbose caching /Users/maxfranz/Documents/workspace/factoid/node_modules/socket.io/package.json
verbose loadDefaults socket.io@0.9.5
verbose caching /Users/maxfranz/Documents/workspace/factoid/node_modules/underscore/package.json
verbose loadDefaults underscore@1.3.3
verbose from cache /Users/maxfranz/Documents/workspace/factoid/package.json
verbose into /Users/maxfranz/Documents/workspace/factoid [ 'backbone-relational' ]
verbose cache add backbone-relational
verbose cache add [ 'backbone-relational', null ]
silly cache add: name, spec, args [ undefined,
silly cache add: name, spec, args   'backbone-relational',
silly cache add: name, spec, args   [ 'backbone-relational', null ] ]
verbose parsed url { pathname: 'backbone-relational',
verbose parsed url   path: 'backbone-relational',
verbose parsed url   href: 'backbone-relational' }
verbose addNamed [ 'backbone-relational', '' ]
verbose addNamed [ null, '' ]
silly name, range, hasData [ 'backbone-relational', '', false ]
verbose raw, before any munging backbone-relational
verbose url resolving [ 'https://registry.npmjs.org/', './backbone-relational' ]
verbose url resolved https://registry.npmjs.org/backbone-relational
http GET https://registry.npmjs.org/backbone-relational
http 404 https://registry.npmjs.org/backbone-relational
silly get cb [ 404,
silly get cb   { server: 'CouchDB/1.2.0 (Erlang OTP/R15B)',
silly get cb     date: 'Fri, 25 May 2012 19:48:50 GMT',
silly get cb     'content-type': 'application/json',
silly get cb     'content-length': '52',
silly get cb     'cache-control': 'must-revalidate' } ]
ERR! 404 'backbone-relational' is not in the npm registry.
ERR! 404 You could maybe bug the author to publish it
ERR! 404 Note that you can also install from a tarball or folder.
ERR! 
ERR! System Darwin 10.8.0
ERR! command "node" "/usr/local/bin/npm" "install" "backbone-relational"
ERR! cwd /Users/maxfranz/Documents/workspace/factoid
ERR! node -v v0.6.7
ERR! npm -v 1.1.0-beta-10
ERR! code E404
ERR! message 404 Not Found: backbone-relational
verbose exit [ 1, true ]
